# JRE version: 7.0_21-b12
# Java VM: Java HotSpot(TM) 64-Bit Server VM (23.21-b01 mixed mode bsd-amd64 compressed oops)
Heap
 def new generation   total 44096K, used 695K [0x000000010bec0000, 0x000000010ee90000, 0x000000010f610000)
  eden space 39232K,   1% used [0x000000010bec0000, 0x000000010bf6df98, 0x000000010e510000)
  from space 4864K,   0% used [0x000000010e510000, 0x000000010e510000, 0x000000010e9d0000)
  to   space 4864K,   0% used [0x000000010e9d0000, 0x000000010e9d0000, 0x000000010ee90000)
 tenured generation   total 97472K, used 50815K [0x000000010f610000, 0x0000000115540000, 0x00000001164c0000)
   the space 97472K,  52% used [0x000000010f610000, 0x00000001127aff18, 0x00000001127b0000, 0x0000000115540000)
 compacting perm gen  total 85696K, used 85637K [0x00000001164c0000, 0x000000011b870000, 0x000000011e4c0000)
   the space 85696K,  99% used [0x00000001164c0000, 0x000000011b861590, 0x000000011b861600, 0x000000011b870000)
GC Heap History (10 events):
Event: 346.823 GC heap before
{Heap before GC invocations=317 (full 23):
 def new generation   total 44032K, used 40283K [0x000000010bec0000, 0x000000010ee80000, 0x000000010f610000)
  eden space 39168K, 100% used [0x000000010bec0000, 0x000000010e500000, 0x000000010e500000)
  from space 4864K,  22% used [0x000000010e500000, 0x000000010e616c90, 0x000000010e9c0000)
  to   space 4864K,   0% used [0x000000010e9c0000, 0x000000010e9c0000, 0x000000010ee80000)
 tenured generation   total 97472K, used 58482K [0x000000010f610000, 0x0000000115540000, 0x00000001164c0000)
   the space 97472K,  59% used [0x000000010f610000, 0x0000000112f2cad0, 0x0000000112f2cc00, 0x0000000115540000)
 compacting perm gen  total 84608K, used 84596K [0x00000001164c0000, 0x000000011b760000, 0x000000011e4c0000)
   the space 84608K,  99% used [0x00000001164c0000, 0x000000011b75d298, 0x000000011b75d400, 0x000000011b760000)
No shared spaces configured.
Event: 346.833 GC heap after
Heap after GC invocations=318 (full 23):
 def new generation   total 44032K, used 2695K [0x000000010bec0000, 0x000000010ee80000, 0x000000010f610000)
  eden space 39168K,   0% used [0x000000010bec0000, 0x000000010bec0000, 0x000000010e500000)
  from space 4864K,  55% used [0x000000010e9c0000, 0x000000010ec61dc8, 0x000000010ee80000)
  to   space 4864K,   0% used [0x000000010e500000, 0x000000010e500000, 0x000000010e9c0000)
 tenured generation   total 97472K, used 58482K [0x000000010f610000, 0x0000000115540000, 0x00000001164c0000)
   the space 97472K,  59% used [0x000000010f610000, 0x0000000112f2cad0, 0x0000000112f2cc00, 0x0000000115540000)
 compacting perm gen  total 84608K, used 84596K [0x00000001164c0000, 0x000000011b760000, 0x000000011e4c0000)
   the space 84608K,  99% used [0x00000001164c0000, 0x000000011b75d298, 0x000000011b75d400, 0x000000011b760000)
No shared spaces configured.
}
Event: 355.599 GC heap before
{Heap before GC invocations=318 (full 23):
 def new generation   total 44032K, used 32639K [0x000000010bec0000, 0x000000010ee80000, 0x000000010f610000)
  eden space 39168K,  76% used [0x000000010bec0000, 0x000000010dbfdf80, 0x000000010e500000)
  from space 4864K,  55% used [0x000000010e9c0000, 0x000000010ec61dc8, 0x000000010ee80000)
  to   space 4864K,   0% used [0x000000010e500000, 0x000000010e500000, 0x000000010e9c0000)
 tenured generation   total 97472K, used 58482K [0x000000010f610000, 0x0000000115540000, 0x00000001164c0000)
   the space 97472K,  59% used [0x000000010f610000, 0x0000000112f2cad0, 0x0000000112f2cc00, 0x0000000115540000)
 compacting perm gen  total 84928K, used 84859K [0x00000001164c0000, 0x000000011b7b0000, 0x000000011e4c0000)
   the space 84928K,  99% used [0x00000001164c0000, 0x000000011b79eeb0, 0x000000011b79f000, 0x000000011b7b0000)
No shared spaces configured.
Event: 355.609 GC heap after
Heap after GC invocations=319 (full 23):
 def new generation   total 44032K, used 1253K [0x000000010bec0000, 0x000000010ee80000, 0x000000010f610000)
  eden space 39168K,   0% used [0x000000010bec0000, 0x000000010bec0000, 0x000000010e500000)
  from space 4864K,  25% used [0x000000010e500000, 0x000000010e6396b0, 0x000000010e9c0000)
  to   space 4864K,   0% used [0x000000010e9c0000, 0x000000010e9c0000, 0x000000010ee80000)
 tenured generation   total 97472K, used 59042K [0x000000010f610000, 0x0000000115540000, 0x00000001164c0000)
   the space 97472K,  60% used [0x000000010f610000, 0x0000000112fb8ba8, 0x0000000112fb8c00, 0x0000000115540000)
 compacting perm gen  total 84928K, used 84859K [0x00000001164c0000, 0x000000011b7b0000, 0x000000011e4c0000)
   the space 84928K,  99% used [0x00000001164c0000, 0x000000011b79eeb0, 0x000000011b79f000, 0x000000011b7b0000)
No shared spaces configured.
}
Event: 355.787 GC heap before
{Heap before GC invocations=319 (full 23):
 def new generation   total 44032K, used 40421K [0x000000010bec0000, 0x000000010ee80000, 0x000000010f610000)
  eden space 39168K, 100% used [0x000000010bec0000, 0x000000010e500000, 0x000000010e500000)
  from space 4864K,  25% used [0x000000010e500000, 0x000000010e6396b0, 0x000000010e9c0000)
  to   space 4864K,   0% used [0x000000010e9c0000, 0x000000010e9c0000, 0x000000010ee80000)
 tenured generation   total 97472K, used 59042K [0x000000010f610000, 0x0000000115540000, 0x00000001164c0000)
   the space 97472K,  60% used [0x000000010f610000, 0x0000000112fb8ba8, 0x0000000112fb8c00, 0x0000000115540000)
 compacting perm gen  total 85248K, used 84957K [0x00000001164c0000, 0x000000011b800000, 0x000000011e4c0000)
   the space 85248K,  99% used [0x00000001164c0000, 0x000000011b7b75d0, 0x000000011b7b7600, 0x000000011b800000)
No shared spaces configured.
Event: 355.797 GC heap after
Heap after GC invocations=320 (full 23):
 def new generation   total 44032K, used 1804K [0x000000010bec0000, 0x000000010ee80000, 0x000000010f610000)
  eden space 39168K,   0% used [0x000000010bec0000, 0x000000010bec0000, 0x000000010e500000)
  from space 4864K,  37% used [0x000000010e9c0000, 0x000000010eb83148, 0x000000010ee80000)
  to   space 4864K,   0% used [0x000000010e500000, 0x000000010e500000, 0x000000010e9c0000)
 tenured generation   total 97472K, used 59042K [0x000000010f610000, 0x0000000115540000, 0x00000001164c0000)
   the space 97472K,  60% used [0x000000010f610000, 0x0000000112fb8ba8, 0x0000000112fb8c00, 0x0000000115540000)
 compacting perm gen  total 85248K, used 84957K [0x00000001164c0000, 0x000000011b800000, 0x000000011e4c0000)
   the space 85248K,  99% used [0x00000001164c0000, 0x000000011b7b75d0, 0x000000011b7b7600, 0x000000011b800000)
No shared spaces configured.
}
Event: 374.454 GC heap before
{Heap before GC invocations=320 (full 23):
 def new generation   total 44032K, used 40972K [0x000000010bec0000, 0x000000010ee80000, 0x000000010f610000)
  eden space 39168K, 100% used [0x000000010bec0000, 0x000000010e500000, 0x000000010e500000)
  from space 4864K,  37% used [0x000000010e9c0000, 0x000000010eb83148, 0x000000010ee80000)
  to   space 4864K,   0% used [0x000000010e500000, 0x000000010e500000, 0x000000010e9c0000)
 tenured generation   total 97472K, used 59042K [0x000000010f610000, 0x0000000115540000, 0x00000001164c0000)
   the space 97472K,  60% used [0x000000010f610000, 0x0000000112fb8ba8, 0x0000000112fb8c00, 0x0000000115540000)
 compacting perm gen  total 85888K, used 85865K [0x00000001164c0000, 0x000000011b8a0000, 0x000000011e4c0000)
   the space 85888K,  99% used [0x00000001164c0000, 0x000000011b89a4b8, 0x000000011b89a600, 0x000000011b8a0000)
No shared spaces configured.
Event: 374.465 GC heap after
Heap after GC invocations=321 (full 23):
 def new generation   total 44032K, used 2831K [0x000000010bec0000, 0x000000010ee80000, 0x000000010f610000)
  eden space 39168K,   0% used [0x000000010bec0000, 0x000000010bec0000, 0x000000010e500000)
  from space 4864K,  58% used [0x000000010e500000, 0x000000010e7c3fc0, 0x000000010e9c0000)
  to   space 4864K,   0% used [0x000000010e9c0000, 0x000000010e9c0000, 0x000000010ee80000)
 tenured generation   total 97472K, used 59042K [0x000000010f610000, 0x0000000115540000, 0x00000001164c0000)
   the space 97472K,  60% used [0x000000010f610000, 0x0000000112fb8ba8, 0x0000000112fb8c00, 0x0000000115540000)
 compacting perm gen  total 85888K, used 85865K [0x00000001164c0000, 0x000000011b8a0000, 0x000000011e4c0000)
   the space 85888K,  99% used [0x00000001164c0000, 0x000000011b89a4b8, 0x000000011b89a600, 0x000000011b8a0000)
No shared spaces configured.
}
Event: 390.579 GC heap before
{Heap before GC invocations=321 (full 23):
 def new generation   total 44032K, used 22027K [0x000000010bec0000, 0x000000010ee80000, 0x000000010f610000)
  eden space 39168K,  49% used [0x000000010bec0000, 0x000000010d17ed48, 0x000000010e500000)
  from space 4864K,  58% used [0x000000010e500000, 0x000000010e7c3fc0, 0x000000010e9c0000)
  to   space 4864K,   0% used [0x000000010e9c0000, 0x000000010e9c0000, 0x000000010ee80000)
 tenured generation   total 97472K, used 59042K [0x000000010f610000, 0x0000000115540000, 0x00000001164c0000)
   the space 97472K,  60% used [0x000000010f610000, 0x0000000112fb8ba8, 0x0000000112fb8c00, 0x0000000115540000)
 compacting perm gen  total 86528K, used 86527K [0x00000001164c0000, 0x000000011b940000, 0x000000011e4c0000)
   the space 86528K,  99% used [0x00000001164c0000, 0x000000011b93ffd0, 0x000000011b940000, 0x000000011b940000)
No shared spaces configured.
Event: 390.889 GC heap after
Heap after GC invocations=322 (full 24):
 def new generation   total 44096K, used 0K [0x000000010bec0000, 0x000000010ee90000, 0x000000010f610000)
  eden space 39232K,   0% used [0x000000010bec0000, 0x000000010bec0000, 0x000000010e510000)
  from space 4864K,   0% used [0x000000010e510000, 0x000000010e510000, 0x000000010e9d0000)
  to   space 4864K,   0% used [0x000000010e9d0000, 0x000000010e9d0000, 0x000000010ee90000)
 tenured generation   total 97472K, used 50815K [0x000000010f610000, 0x0000000115540000, 0x00000001164c0000)
   the space 97472K,  52% used [0x000000010f610000, 0x00000001127aff18, 0x00000001127b0000, 0x0000000115540000)
 compacting perm gen  total 85696K, used 85634K [0x00000001164c0000, 0x000000011b870000, 0x000000011e4c0000)
   the space 85696K,  99% used [0x00000001164c0000, 0x000000011b860a58, 0x000000011b860c00, 0x000000011b870000)
No shared spaces configured.
}

